The system is: CYGWIN - 3.0.5(0.338/5/3) - x86_64
Compiling the C compiler identification source file "CMakeCCompilerId.c" succeeded.
Compiler: /usr/bin/cc 
Build flags: 
Id flags:  

The output was:
0


Compilation of the C compiler identification source "CMakeCCompilerId.c" produced "a.exe"

The C compiler identification is GNU, found in "/cygdrive/d/GoogleBackup/ECS/ECS 50/ECS 50 Shared/Lecture/Pointers/PointerExamples/cmake-build-debug/CMakeFiles/3.13.2/CompilerIdC/a.exe"

Determining if the C compiler works passed with the following output:
Change Dir: /cygdrive/d/GoogleBackup/ECS/ECS 50/ECS 50 Shared/Lecture/Pointers/PointerExamples/cmake-build-debug/CMakeFiles/CMakeTmp

Run Build Command:"/usr/bin/make.exe" "cmTC_e57f3/fast"
/usr/bin/make -f CMakeFiles/cmTC_e57f3.dir/build.make CMakeFiles/cmTC_e57f3.dir/build
make[1]: Entering directory '/cygdrive/d/GoogleBackup/ECS/ECS 50/ECS 50 Shared/Lecture/Pointers/PointerExamples/cmake-build-debug/CMakeFiles/CMakeTmp'
Building C object CMakeFiles/cmTC_e57f3.dir/testCCompiler.c.o
/usr/bin/cc    -o CMakeFiles/cmTC_e57f3.dir/testCCompiler.c.o   -c "/cygdrive/d/GoogleBackup/ECS/ECS 50/ECS 50 Shared/Lecture/Pointers/PointerExamples/cmake-build-debug/CMakeFiles/CMakeTmp/testCCompiler.c"
Linking C executable cmTC_e57f3.exe
/cygdrive/c/Users/mfbut/.CLion2018.3/system/cygwin_cmake/bin/cmake.exe -E cmake_link_script CMakeFiles/cmTC_e57f3.dir/link.txt --verbose=1
/usr/bin/cc    -Wl,--enable-auto-import  CMakeFiles/cmTC_e57f3.dir/testCCompiler.c.o  -o cmTC_e57f3.exe -Wl,--out-implib,libcmTC_e57f3.dll.a -Wl,--major-image-version,0,--minor-image-version,0 
make[1]: Leaving directory '/cygdrive/d/GoogleBackup/ECS/ECS 50/ECS 50 Shared/Lecture/Pointers/PointerExamples/cmake-build-debug/CMakeFiles/CMakeTmp'


Detecting C compiler ABI info compiled with the following output:
Change Dir: /cygdrive/d/GoogleBackup/ECS/ECS 50/ECS 50 Shared/Lecture/Pointers/PointerExamples/cmake-build-debug/CMakeFiles/CMakeTmp

Run Build Command:"/usr/bin/make.exe" "cmTC_b18d0/fast"
/usr/bin/make -f CMakeFiles/cmTC_b18d0.dir/build.make CMakeFiles/cmTC_b18d0.dir/build
make[1]: Entering directory '/cygdrive/d/GoogleBackup/ECS/ECS 50/ECS 50 Shared/Lecture/Pointers/PointerExamples/cmake-build-debug/CMakeFiles/CMakeTmp'
Building C object CMakeFiles/cmTC_b18d0.dir/CMakeCCompilerABI.c.o
/usr/bin/cc    -o CMakeFiles/cmTC_b18d0.dir/CMakeCCompilerABI.c.o   -c /cygdrive/c/Users/mfbut/.CLion2018.3/system/cygwin_cmake/share/cmake-3.13.2/Modules/CMakeCCompilerABI.c
Linking C executable cmTC_b18d0.exe
/cygdrive/c/Users/mfbut/.CLion2018.3/system/cygwin_cmake/bin/cmake.exe -E cmake_link_script CMakeFiles/cmTC_b18d0.dir/link.txt --verbose=1
/usr/bin/cc    -Wl,--enable-auto-import -v CMakeFiles/cmTC_b18d0.dir/CMakeCCompilerABI.c.o  -o cmTC_b18d0.exe -Wl,--out-implib,libcmTC_b18d0.dll.a -Wl,--major-image-version,0,--minor-image-version,0 
Using built-in specs.
COLLECT_GCC=/usr/bin/cc
COLLECT_LTO_WRAPPER=/usr/lib/gcc/x86_64-pc-cygwin/7.4.0/lto-wrapper.exe
Target: x86_64-pc-cygwin
Configured with: /cygdrive/i/szsz/tmpp/gcc/gcc-7.4.0-1.x86_64/src/gcc-7.4.0/configure --srcdir=/cygdrive/i/szsz/tmpp/gcc/gcc-7.4.0-1.x86_64/src/gcc-7.4.0 --prefix=/usr --exec-prefix=/usr --localstatedir=/var --sysconfdir=/etc --docdir=/usr/share/doc/gcc --htmldir=/usr/share/doc/gcc/html -C --build=x86_64-pc-cygwin --host=x86_64-pc-cygwin --target=x86_64-pc-cygwin --without-libiconv-prefix --without-libintl-prefix --libexecdir=/usr/lib --enable-shared --enable-shared-libgcc --enable-static --enable-version-specific-runtime-libs --enable-bootstrap --enable-__cxa_atexit --with-dwarf2 --with-tune=generic --enable-languages=ada,c,c++,fortran,lto,objc,obj-c++ --enable-graphite --enable-threads=posix --enable-libatomic --enable-libcilkrts --enable-libgomp --enable-libitm --enable-libquadmath --enable-libquadmath-support --disable-libssp --enable-libada --disable-symvers --with-gnu-ld --with-gnu-as --with-cloog-include=/usr/include/cloog-isl --without-libiconv-prefix --without-libintl-prefix --with-system-zlib --enable-linker-build-id --with-default-libstdcxx-abi=gcc4-compatible --enable-libstdcxx-filesystem-ts
Thread model: posix
gcc version 7.4.0 (GCC) 
COMPILER_PATH=/usr/lib/gcc/x86_64-pc-cygwin/7.4.0/:/usr/lib/gcc/x86_64-pc-cygwin/7.4.0/:/usr/lib/gcc/x86_64-pc-cygwin/:/usr/lib/gcc/x86_64-pc-cygwin/7.4.0/:/usr/lib/gcc/x86_64-pc-cygwin/:/usr/lib/gcc/x86_64-pc-cygwin/7.4.0/../../../../x86_64-pc-cygwin/bin/
LIBRARY_PATH=/usr/lib/gcc/x86_64-pc-cygwin/7.4.0/:/usr/lib/gcc/x86_64-pc-cygwin/7.4.0/../../../../x86_64-pc-cygwin/lib/../lib/:/usr/lib/gcc/x86_64-pc-cygwin/7.4.0/../../../../lib/:/lib/../lib/:/usr/lib/../lib/:/usr/lib/gcc/x86_64-pc-cygwin/7.4.0/../../../../x86_64-pc-cygwin/lib/:/usr/lib/gcc/x86_64-pc-cygwin/7.4.0/../../../:/lib/:/usr/lib/
COLLECT_GCC_OPTIONS='-v' '-o' 'cmTC_b18d0.exe' '-mtune=generic' '-march=x86-64'
 /usr/lib/gcc/x86_64-pc-cygwin/7.4.0/collect2.exe -plugin /usr/lib/gcc/x86_64-pc-cygwin/7.4.0/cyglto_plugin.dll -plugin-opt=/usr/lib/gcc/x86_64-pc-cygwin/7.4.0/lto-wrapper.exe -plugin-opt=-fresolution=/tmp/ccrXruOc.res -plugin-opt=-pass-through=-lgcc_s -plugin-opt=-pass-through=-lgcc -plugin-opt=-pass-through=-lcygwin -plugin-opt=-pass-through=-ladvapi32 -plugin-opt=-pass-through=-lshell32 -plugin-opt=-pass-through=-luser32 -plugin-opt=-pass-through=-lkernel32 -plugin-opt=-pass-through=-lgcc_s -plugin-opt=-pass-through=-lgcc --build-id -m i386pep --wrap _Znwm --wrap _Znam --wrap _ZdlPv --wrap _ZdaPv --wrap _ZnwmRKSt9nothrow_t --wrap _ZnamRKSt9nothrow_t --wrap _ZdlPvRKSt9nothrow_t --wrap _ZdaPvRKSt9nothrow_t -Bdynamic --dll-search-prefix=cyg --tsaware -o cmTC_b18d0.exe /usr/lib/gcc/x86_64-pc-cygwin/7.4.0/../../../../lib/crt0.o /usr/lib/gcc/x86_64-pc-cygwin/7.4.0/crtbegin.o -L/usr/lib/gcc/x86_64-pc-cygwin/7.4.0 -L/usr/lib/gcc/x86_64-pc-cygwin/7.4.0/../../../../x86_64-pc-cygwin/lib/../lib -L/usr/lib/gcc/x86_64-pc-cygwin/7.4.0/../../../../lib -L/lib/../lib -L/usr/lib/../lib -L/usr/lib/gcc/x86_64-pc-cygwin/7.4.0/../../../../x86_64-pc-cygwin/lib -L/usr/lib/gcc/x86_64-pc-cygwin/7.4.0/../../.. --enable-auto-import CMakeFiles/cmTC_b18d0.dir/CMakeCCompilerABI.c.o --out-implib libcmTC_b18d0.dll.a --major-image-version 0 --minor-image-version 0 -lgcc_s -lgcc -lcygwin -ladvapi32 -lshell32 -luser32 -lkernel32 -lgcc_s -lgcc /usr/lib/gcc/x86_64-pc-cygwin/7.4.0/../../../../lib/default-manifest.o /usr/lib/gcc/x86_64-pc-cygwin/7.4.0/crtend.o
COLLECT_GCC_OPTIONS='-v' '-o' 'cmTC_b18d0.exe' '-mtune=generic' '-march=x86-64'
make[1]: Leaving directory '/cygdrive/d/GoogleBackup/ECS/ECS 50/ECS 50 Shared/Lecture/Pointers/PointerExamples/cmake-build-debug/CMakeFiles/CMakeTmp'


Parsed C implicit link information from above output:
  link line regex: [^( *|.*[/\])(ld\.exe|CMAKE_LINK_STARTFILE-NOTFOUND|([^/\]+-)?ld|collect2)[^/\]*( |$)]
  ignore line: [Change Dir: /cygdrive/d/GoogleBackup/ECS/ECS 50/ECS 50 Shared/Lecture/Pointers/PointerExamples/cmake-build-debug/CMakeFiles/CMakeTmp]
  ignore line: []
  ignore line: [Run Build Command:"/usr/bin/make.exe" "cmTC_b18d0/fast"]
  ignore line: [/usr/bin/make -f CMakeFiles/cmTC_b18d0.dir/build.make CMakeFiles/cmTC_b18d0.dir/build]
  ignore line: [make[1]: Entering directory '/cygdrive/d/GoogleBackup/ECS/ECS 50/ECS 50 Shared/Lecture/Pointers/PointerExamples/cmake-build-debug/CMakeFiles/CMakeTmp']
  ignore line: [Building C object CMakeFiles/cmTC_b18d0.dir/CMakeCCompilerABI.c.o]
  ignore line: [/usr/bin/cc    -o CMakeFiles/cmTC_b18d0.dir/CMakeCCompilerABI.c.o   -c /cygdrive/c/Users/mfbut/.CLion2018.3/system/cygwin_cmake/share/cmake-3.13.2/Modules/CMakeCCompilerABI.c]
  ignore line: [Linking C executable cmTC_b18d0.exe]
  ignore line: [/cygdrive/c/Users/mfbut/.CLion2018.3/system/cygwin_cmake/bin/cmake.exe -E cmake_link_script CMakeFiles/cmTC_b18d0.dir/link.txt --verbose=1]
  ignore line: [/usr/bin/cc    -Wl,--enable-auto-import -v CMakeFiles/cmTC_b18d0.dir/CMakeCCompilerABI.c.o  -o cmTC_b18d0.exe -Wl,--out-implib,libcmTC_b18d0.dll.a -Wl,--major-image-version,0,--minor-image-version,0 ]
  ignore line: [Using built-in specs.]
  ignore line: [COLLECT_GCC=/usr/bin/cc]
  ignore line: [COLLECT_LTO_WRAPPER=/usr/lib/gcc/x86_64-pc-cygwin/7.4.0/lto-wrapper.exe]
  ignore line: [Target: x86_64-pc-cygwin]
  ignore line: [Configured with: /cygdrive/i/szsz/tmpp/gcc/gcc-7.4.0-1.x86_64/src/gcc-7.4.0/configure --srcdir=/cygdrive/i/szsz/tmpp/gcc/gcc-7.4.0-1.x86_64/src/gcc-7.4.0 --prefix=/usr --exec-prefix=/usr --localstatedir=/var --sysconfdir=/etc --docdir=/usr/share/doc/gcc --htmldir=/usr/share/doc/gcc/html -C --build=x86_64-pc-cygwin --host=x86_64-pc-cygwin --target=x86_64-pc-cygwin --without-libiconv-prefix --without-libintl-prefix --libexecdir=/usr/lib --enable-shared --enable-shared-libgcc --enable-static --enable-version-specific-runtime-libs --enable-bootstrap --enable-__cxa_atexit --with-dwarf2 --with-tune=generic --enable-languages=ada,c,c++,fortran,lto,objc,obj-c++ --enable-graphite --enable-threads=posix --enable-libatomic --enable-libcilkrts --enable-libgomp --enable-libitm --enable-libquadmath --enable-libquadmath-support --disable-libssp --enable-libada --disable-symvers --with-gnu-ld --with-gnu-as --with-cloog-include=/usr/include/cloog-isl --without-libiconv-prefix --without-libintl-prefix --with-system-zlib --enable-linker-build-id --with-default-libstdcxx-abi=gcc4-compatible --enable-libstdcxx-filesystem-ts]
  ignore line: [Thread model: posix]
  ignore line: [gcc version 7.4.0 (GCC) ]
  ignore line: [COMPILER_PATH=/usr/lib/gcc/x86_64-pc-cygwin/7.4.0/:/usr/lib/gcc/x86_64-pc-cygwin/7.4.0/:/usr/lib/gcc/x86_64-pc-cygwin/:/usr/lib/gcc/x86_64-pc-cygwin/7.4.0/:/usr/lib/gcc/x86_64-pc-cygwin/:/usr/lib/gcc/x86_64-pc-cygwin/7.4.0/../../../../x86_64-pc-cygwin/bin/]
  ignore line: [LIBRARY_PATH=/usr/lib/gcc/x86_64-pc-cygwin/7.4.0/:/usr/lib/gcc/x86_64-pc-cygwin/7.4.0/../../../../x86_64-pc-cygwin/lib/../lib/:/usr/lib/gcc/x86_64-pc-cygwin/7.4.0/../../../../lib/:/lib/../lib/:/usr/lib/../lib/:/usr/lib/gcc/x86_64-pc-cygwin/7.4.0/../../../../x86_64-pc-cygwin/lib/:/usr/lib/gcc/x86_64-pc-cygwin/7.4.0/../../../:/lib/:/usr/lib/]
  ignore line: [COLLECT_GCC_OPTIONS='-v' '-o' 'cmTC_b18d0.exe' '-mtune=generic' '-march=x86-64']
  link line: [ /usr/lib/gcc/x86_64-pc-cygwin/7.4.0/collect2.exe -plugin /usr/lib/gcc/x86_64-pc-cygwin/7.4.0/cyglto_plugin.dll -plugin-opt=/usr/lib/gcc/x86_64-pc-cygwin/7.4.0/lto-wrapper.exe -plugin-opt=-fresolution=/tmp/ccrXruOc.res -plugin-opt=-pass-through=-lgcc_s -plugin-opt=-pass-through=-lgcc -plugin-opt=-pass-through=-lcygwin -plugin-opt=-pass-through=-ladvapi32 -plugin-opt=-pass-through=-lshell32 -plugin-opt=-pass-through=-luser32 -plugin-opt=-pass-through=-lkernel32 -plugin-opt=-pass-through=-lgcc_s -plugin-opt=-pass-through=-lgcc --build-id -m i386pep --wrap _Znwm --wrap _Znam --wrap _ZdlPv --wrap _ZdaPv --wrap _ZnwmRKSt9nothrow_t --wrap _ZnamRKSt9nothrow_t --wrap _ZdlPvRKSt9nothrow_t --wrap _ZdaPvRKSt9nothrow_t -Bdynamic --dll-search-prefix=cyg --tsaware -o cmTC_b18d0.exe /usr/lib/gcc/x86_64-pc-cygwin/7.4.0/../../../../lib/crt0.o /usr/lib/gcc/x86_64-pc-cygwin/7.4.0/crtbegin.o -L/usr/lib/gcc/x86_64-pc-cygwin/7.4.0 -L/usr/lib/gcc/x86_64-pc-cygwin/7.4.0/../../../../x86_64-pc-cygwin/lib/../lib -L/usr/lib/gcc/x86_64-pc-cygwin/7.4.0/../../../../lib -L/lib/../lib -L/usr/lib/../lib -L/usr/lib/gcc/x86_64-pc-cygwin/7.4.0/../../../../x86_64-pc-cygwin/lib -L/usr/lib/gcc/x86_64-pc-cygwin/7.4.0/../../.. --enable-auto-import CMakeFiles/cmTC_b18d0.dir/CMakeCCompilerABI.c.o --out-implib libcmTC_b18d0.dll.a --major-image-version 0 --minor-image-version 0 -lgcc_s -lgcc -lcygwin -ladvapi32 -lshell32 -luser32 -lkernel32 -lgcc_s -lgcc /usr/lib/gcc/x86_64-pc-cygwin/7.4.0/../../../../lib/default-manifest.o /usr/lib/gcc/x86_64-pc-cygwin/7.4.0/crtend.o]
    arg [/usr/lib/gcc/x86_64-pc-cygwin/7.4.0/collect2.exe] ==> ignore
    arg [-plugin] ==> ignore
    arg [/usr/lib/gcc/x86_64-pc-cygwin/7.4.0/cyglto_plugin.dll] ==> ignore
    arg [-plugin-opt=/usr/lib/gcc/x86_64-pc-cygwin/7.4.0/lto-wrapper.exe] ==> ignore
    arg [-plugin-opt=-fresolution=/tmp/ccrXruOc.res] ==> ignore
    arg [-plugin-opt=-pass-through=-lgcc_s] ==> ignore
    arg [-plugin-opt=-pass-through=-lgcc] ==> ignore
    arg [-plugin-opt=-pass-through=-lcygwin] ==> ignore
    arg [-plugin-opt=-pass-through=-ladvapi32] ==> ignore
    arg [-plugin-opt=-pass-through=-lshell32] ==> ignore
    arg [-plugin-opt=-pass-through=-luser32] ==> ignore
    arg [-plugin-opt=-pass-through=-lkernel32] ==> ignore
    arg [-plugin-opt=-pass-through=-lgcc_s] ==> ignore
    arg [-plugin-opt=-pass-through=-lgcc] ==> ignore
    arg [--build-id] ==> ignore
    arg [-m] ==> ignore
    arg [i386pep] ==> ignore
    arg [--wrap] ==> ignore
    arg [_Znwm] ==> ignore
    arg [--wrap] ==> ignore
    arg [_Znam] ==> ignore
    arg [--wrap] ==> ignore
    arg [_ZdlPv] ==> ignore
    arg [--wrap] ==> ignore
    arg [_ZdaPv] ==> ignore
    arg [--wrap] ==> ignore
    arg [_ZnwmRKSt9nothrow_t] ==> ignore
    arg [--wrap] ==> ignore
    arg [_ZnamRKSt9nothrow_t] ==> ignore
    arg [--wrap] ==> ignore
    arg [_ZdlPvRKSt9nothrow_t] ==> ignore
    arg [--wrap] ==> ignore
    arg [_ZdaPvRKSt9nothrow_t] ==> ignore
    arg [-Bdynamic] ==> ignore
    arg [--dll-search-prefix=cyg] ==> ignore
    arg [--tsaware] ==> ignore
    arg [-o] ==> ignore
    arg [cmTC_b18d0.exe] ==> ignore
    arg [/usr/lib/gcc/x86_64-pc-cygwin/7.4.0/../../../../lib/crt0.o] ==> ignore
    arg [/usr/lib/gcc/x86_64-pc-cygwin/7.4.0/crtbegin.o] ==> ignore
    arg [-L/usr/lib/gcc/x86_64-pc-cygwin/7.4.0] ==> dir [/usr/lib/gcc/x86_64-pc-cygwin/7.4.0]
    arg [-L/usr/lib/gcc/x86_64-pc-cygwin/7.4.0/../../../../x86_64-pc-cygwin/lib/../lib] ==> dir [/usr/lib/gcc/x86_64-pc-cygwin/7.4.0/../../../../x86_64-pc-cygwin/lib/../lib]
    arg [-L/usr/lib/gcc/x86_64-pc-cygwin/7.4.0/../../../../lib] ==> dir [/usr/lib/gcc/x86_64-pc-cygwin/7.4.0/../../../../lib]
    arg [-L/lib/../lib] ==> dir [/lib/../lib]
    arg [-L/usr/lib/../lib] ==> dir [/usr/lib/../lib]
    arg [-L/usr/lib/gcc/x86_64-pc-cygwin/7.4.0/../../../../x86_64-pc-cygwin/lib] ==> dir [/usr/lib/gcc/x86_64-pc-cygwin/7.4.0/../../../../x86_64-pc-cygwin/lib]
    arg [-L/usr/lib/gcc/x86_64-pc-cygwin/7.4.0/../../..] ==> dir [/usr/lib/gcc/x86_64-pc-cygwin/7.4.0/../../..]
    arg [--enable-auto-import] ==> ignore
    arg [CMakeFiles/cmTC_b18d0.dir/CMakeCCompilerABI.c.o] ==> ignore
    arg [--out-implib] ==> ignore
    arg [libcmTC_b18d0.dll.a] ==> ignore
    arg [--major-image-version] ==> ignore
    arg [0] ==> ignore
    arg [--minor-image-version] ==> ignore
    arg [0] ==> ignore
    arg [-lgcc_s] ==> lib [gcc_s]
    arg [-lgcc] ==> lib [gcc]
    arg [-lcygwin] ==> lib [cygwin]
    arg [-ladvapi32] ==> lib [advapi32]
    arg [-lshell32] ==> lib [shell32]
    arg [-luser32] ==> lib [user32]
    arg [-lkernel32] ==> lib [kernel32]
    arg [-lgcc_s] ==> lib [gcc_s]
    arg [-lgcc] ==> lib [gcc]
    arg [/usr/lib/gcc/x86_64-pc-cygwin/7.4.0/../../../../lib/default-manifest.o] ==> ignore
    arg [/usr/lib/gcc/x86_64-pc-cygwin/7.4.0/crtend.o] ==> ignore
  collapse library dir [/usr/lib/gcc/x86_64-pc-cygwin/7.4.0] ==> [/usr/lib/gcc/x86_64-pc-cygwin/7.4.0]
  collapse library dir [/usr/lib/gcc/x86_64-pc-cygwin/7.4.0/../../../../x86_64-pc-cygwin/lib/../lib] ==> [/usr/x86_64-pc-cygwin/lib]
  collapse library dir [/usr/lib/gcc/x86_64-pc-cygwin/7.4.0/../../../../lib] ==> [/usr/lib]
  collapse library dir [/lib/../lib] ==> [/lib]
  collapse library dir [/usr/lib/../lib] ==> [/usr/lib]
  collapse library dir [/usr/lib/gcc/x86_64-pc-cygwin/7.4.0/../../../../x86_64-pc-cygwin/lib] ==> [/usr/x86_64-pc-cygwin/lib]
  collapse library dir [/usr/lib/gcc/x86_64-pc-cygwin/7.4.0/../../..] ==> [/usr/lib]
  implicit libs: [gcc_s;gcc;cygwin;advapi32;shell32;user32;kernel32;gcc_s;gcc]
  implicit dirs: [/usr/lib/gcc/x86_64-pc-cygwin/7.4.0;/usr/x86_64-pc-cygwin/lib;/usr/lib;/lib]
  implicit fwks: []




Detecting C [-std=c11] compiler features compiled with the following output:
Change Dir: /cygdrive/d/GoogleBackup/ECS/ECS 50/ECS 50 Shared/Lecture/Pointers/PointerExamples/cmake-build-debug/CMakeFiles/CMakeTmp

Run Build Command:"/usr/bin/make.exe" "cmTC_a8898/fast"
/usr/bin/make -f CMakeFiles/cmTC_a8898.dir/build.make CMakeFiles/cmTC_a8898.dir/build
make[1]: Entering directory '/cygdrive/d/GoogleBackup/ECS/ECS 50/ECS 50 Shared/Lecture/Pointers/PointerExamples/cmake-build-debug/CMakeFiles/CMakeTmp'
Building C object CMakeFiles/cmTC_a8898.dir/feature_tests.c.o
/usr/bin/cc   -std=c11 -o CMakeFiles/cmTC_a8898.dir/feature_tests.c.o   -c "/cygdrive/d/GoogleBackup/ECS/ECS 50/ECS 50 Shared/Lecture/Pointers/PointerExamples/cmake-build-debug/CMakeFiles/feature_tests.c"
Linking C executable cmTC_a8898.exe
/cygdrive/c/Users/mfbut/.CLion2018.3/system/cygwin_cmake/bin/cmake.exe -E cmake_link_script CMakeFiles/cmTC_a8898.dir/link.txt --verbose=1
/usr/bin/cc    -Wl,--enable-auto-import  CMakeFiles/cmTC_a8898.dir/feature_tests.c.o  -o cmTC_a8898.exe -Wl,--out-implib,libcmTC_a8898.dll.a -Wl,--major-image-version,0,--minor-image-version,0 
make[1]: Leaving directory '/cygdrive/d/GoogleBackup/ECS/ECS 50/ECS 50 Shared/Lecture/Pointers/PointerExamples/cmake-build-debug/CMakeFiles/CMakeTmp'


    Feature record: C_FEATURE:1c_function_prototypes
    Feature record: C_FEATURE:1c_restrict
    Feature record: C_FEATURE:1c_static_assert
    Feature record: C_FEATURE:1c_variadic_macros


Detecting C [-std=c99] compiler features compiled with the following output:
Change Dir: /cygdrive/d/GoogleBackup/ECS/ECS 50/ECS 50 Shared/Lecture/Pointers/PointerExamples/cmake-build-debug/CMakeFiles/CMakeTmp

Run Build Command:"/usr/bin/make.exe" "cmTC_def7d/fast"
/usr/bin/make -f CMakeFiles/cmTC_def7d.dir/build.make CMakeFiles/cmTC_def7d.dir/build
make[1]: Entering directory '/cygdrive/d/GoogleBackup/ECS/ECS 50/ECS 50 Shared/Lecture/Pointers/PointerExamples/cmake-build-debug/CMakeFiles/CMakeTmp'
Building C object CMakeFiles/cmTC_def7d.dir/feature_tests.c.o
/usr/bin/cc   -std=c99 -o CMakeFiles/cmTC_def7d.dir/feature_tests.c.o   -c "/cygdrive/d/GoogleBackup/ECS/ECS 50/ECS 50 Shared/Lecture/Pointers/PointerExamples/cmake-build-debug/CMakeFiles/feature_tests.c"
Linking C executable cmTC_def7d.exe
/cygdrive/c/Users/mfbut/.CLion2018.3/system/cygwin_cmake/bin/cmake.exe -E cmake_link_script CMakeFiles/cmTC_def7d.dir/link.txt --verbose=1
/usr/bin/cc    -Wl,--enable-auto-import  CMakeFiles/cmTC_def7d.dir/feature_tests.c.o  -o cmTC_def7d.exe -Wl,--out-implib,libcmTC_def7d.dll.a -Wl,--major-image-version,0,--minor-image-version,0 
make[1]: Leaving directory '/cygdrive/d/GoogleBackup/ECS/ECS 50/ECS 50 Shared/Lecture/Pointers/PointerExamples/cmake-build-debug/CMakeFiles/CMakeTmp'


    Feature record: C_FEATURE:1c_function_prototypes
    Feature record: C_FEATURE:1c_restrict
    Feature record: C_FEATURE:0c_static_assert
    Feature record: C_FEATURE:1c_variadic_macros


Detecting C [-std=c90] compiler features compiled with the following output:
Change Dir: /cygdrive/d/GoogleBackup/ECS/ECS 50/ECS 50 Shared/Lecture/Pointers/PointerExamples/cmake-build-debug/CMakeFiles/CMakeTmp

Run Build Command:"/usr/bin/make.exe" "cmTC_07b6a/fast"
/usr/bin/make -f CMakeFiles/cmTC_07b6a.dir/build.make CMakeFiles/cmTC_07b6a.dir/build
make[1]: Entering directory '/cygdrive/d/GoogleBackup/ECS/ECS 50/ECS 50 Shared/Lecture/Pointers/PointerExamples/cmake-build-debug/CMakeFiles/CMakeTmp'
Building C object CMakeFiles/cmTC_07b6a.dir/feature_tests.c.o
/usr/bin/cc   -std=c90 -o CMakeFiles/cmTC_07b6a.dir/feature_tests.c.o   -c "/cygdrive/d/GoogleBackup/ECS/ECS 50/ECS 50 Shared/Lecture/Pointers/PointerExamples/cmake-build-debug/CMakeFiles/feature_tests.c"
Linking C executable cmTC_07b6a.exe
/cygdrive/c/Users/mfbut/.CLion2018.3/system/cygwin_cmake/bin/cmake.exe -E cmake_link_script CMakeFiles/cmTC_07b6a.dir/link.txt --verbose=1
/usr/bin/cc    -Wl,--enable-auto-import  CMakeFiles/cmTC_07b6a.dir/feature_tests.c.o  -o cmTC_07b6a.exe -Wl,--out-implib,libcmTC_07b6a.dll.a -Wl,--major-image-version,0,--minor-image-version,0 
make[1]: Leaving directory '/cygdrive/d/GoogleBackup/ECS/ECS 50/ECS 50 Shared/Lecture/Pointers/PointerExamples/cmake-build-debug/CMakeFiles/CMakeTmp'


    Feature record: C_FEATURE:1c_function_prototypes
    Feature record: C_FEATURE:0c_restrict
    Feature record: C_FEATURE:0c_static_assert
    Feature record: C_FEATURE:0c_variadic_macros
The system is: CYGWIN - 3.0.5(0.338/5/3) - x86_64
Compiling the C compiler identification source file "CMakeCCompilerId.c" succeeded.
Compiler: /usr/bin/cc 
Build flags: 
Id flags:  

The output was:
0


Compilation of the C compiler identification source "CMakeCCompilerId.c" produced "a.exe"

The C compiler identification is GNU, found in "/cygdrive/d/GoogleBackup/ECS/ECS 50/ECS 50 Shared/Lecture/Pointers/PointerExamples/cmake-build-debug/CMakeFiles/3.13.4/CompilerIdC/a.exe"

Determining if the C compiler works passed with the following output:
Change Dir: /cygdrive/d/GoogleBackup/ECS/ECS 50/ECS 50 Shared/Lecture/Pointers/PointerExamples/cmake-build-debug/CMakeFiles/CMakeTmp

Run Build Command:"/usr/bin/make.exe" "cmTC_d9afa/fast"
/usr/bin/make -f CMakeFiles/cmTC_d9afa.dir/build.make CMakeFiles/cmTC_d9afa.dir/build
make[1]: Entering directory '/cygdrive/d/GoogleBackup/ECS/ECS 50/ECS 50 Shared/Lecture/Pointers/PointerExamples/cmake-build-debug/CMakeFiles/CMakeTmp'
Building C object CMakeFiles/cmTC_d9afa.dir/testCCompiler.c.o
/usr/bin/cc    -o CMakeFiles/cmTC_d9afa.dir/testCCompiler.c.o   -c "/cygdrive/d/GoogleBackup/ECS/ECS 50/ECS 50 Shared/Lecture/Pointers/PointerExamples/cmake-build-debug/CMakeFiles/CMakeTmp/testCCompiler.c"
Linking C executable cmTC_d9afa.exe
/cygdrive/c/Users/mfbut/.CLion2019.1/system/cygwin_cmake/bin/cmake.exe -E cmake_link_script CMakeFiles/cmTC_d9afa.dir/link.txt --verbose=1
/usr/bin/cc    -Wl,--enable-auto-import  CMakeFiles/cmTC_d9afa.dir/testCCompiler.c.o  -o cmTC_d9afa.exe -Wl,--out-implib,libcmTC_d9afa.dll.a -Wl,--major-image-version,0,--minor-image-version,0 
make[1]: Leaving directory '/cygdrive/d/GoogleBackup/ECS/ECS 50/ECS 50 Shared/Lecture/Pointers/PointerExamples/cmake-build-debug/CMakeFiles/CMakeTmp'


Detecting C compiler ABI info compiled with the following output:
Change Dir: /cygdrive/d/GoogleBackup/ECS/ECS 50/ECS 50 Shared/Lecture/Pointers/PointerExamples/cmake-build-debug/CMakeFiles/CMakeTmp

Run Build Command:"/usr/bin/make.exe" "cmTC_1f3be/fast"
/usr/bin/make -f CMakeFiles/cmTC_1f3be.dir/build.make CMakeFiles/cmTC_1f3be.dir/build
make[1]: Entering directory '/cygdrive/d/GoogleBackup/ECS/ECS 50/ECS 50 Shared/Lecture/Pointers/PointerExamples/cmake-build-debug/CMakeFiles/CMakeTmp'
Building C object CMakeFiles/cmTC_1f3be.dir/CMakeCCompilerABI.c.o
/usr/bin/cc    -o CMakeFiles/cmTC_1f3be.dir/CMakeCCompilerABI.c.o   -c /cygdrive/c/Users/mfbut/.CLion2019.1/system/cygwin_cmake/share/cmake-3.13.4/Modules/CMakeCCompilerABI.c
Linking C executable cmTC_1f3be.exe
/cygdrive/c/Users/mfbut/.CLion2019.1/system/cygwin_cmake/bin/cmake.exe -E cmake_link_script CMakeFiles/cmTC_1f3be.dir/link.txt --verbose=1
/usr/bin/cc    -Wl,--enable-auto-import -v CMakeFiles/cmTC_1f3be.dir/CMakeCCompilerABI.c.o  -o cmTC_1f3be.exe -Wl,--out-implib,libcmTC_1f3be.dll.a -Wl,--major-image-version,0,--minor-image-version,0 
Using built-in specs.
COLLECT_GCC=/usr/bin/cc
COLLECT_LTO_WRAPPER=/usr/lib/gcc/x86_64-pc-cygwin/7.4.0/lto-wrapper.exe
Target: x86_64-pc-cygwin
Configured with: /cygdrive/i/szsz/tmpp/gcc/gcc-7.4.0-1.x86_64/src/gcc-7.4.0/configure --srcdir=/cygdrive/i/szsz/tmpp/gcc/gcc-7.4.0-1.x86_64/src/gcc-7.4.0 --prefix=/usr --exec-prefix=/usr --localstatedir=/var --sysconfdir=/etc --docdir=/usr/share/doc/gcc --htmldir=/usr/share/doc/gcc/html -C --build=x86_64-pc-cygwin --host=x86_64-pc-cygwin --target=x86_64-pc-cygwin --without-libiconv-prefix --without-libintl-prefix --libexecdir=/usr/lib --enable-shared --enable-shared-libgcc --enable-static --enable-version-specific-runtime-libs --enable-bootstrap --enable-__cxa_atexit --with-dwarf2 --with-tune=generic --enable-languages=ada,c,c++,fortran,lto,objc,obj-c++ --enable-graphite --enable-threads=posix --enable-libatomic --enable-libcilkrts --enable-libgomp --enable-libitm --enable-libquadmath --enable-libquadmath-support --disable-libssp --enable-libada --disable-symvers --with-gnu-ld --with-gnu-as --with-cloog-include=/usr/include/cloog-isl --without-libiconv-prefix --without-libintl-prefix --with-system-zlib --enable-linker-build-id --with-default-libstdcxx-abi=gcc4-compatible --enable-libstdcxx-filesystem-ts
Thread model: posix
gcc version 7.4.0 (GCC) 
COMPILER_PATH=/usr/lib/gcc/x86_64-pc-cygwin/7.4.0/:/usr/lib/gcc/x86_64-pc-cygwin/7.4.0/:/usr/lib/gcc/x86_64-pc-cygwin/:/usr/lib/gcc/x86_64-pc-cygwin/7.4.0/:/usr/lib/gcc/x86_64-pc-cygwin/:/usr/lib/gcc/x86_64-pc-cygwin/7.4.0/../../../../x86_64-pc-cygwin/bin/
LIBRARY_PATH=/usr/lib/gcc/x86_64-pc-cygwin/7.4.0/:/usr/lib/gcc/x86_64-pc-cygwin/7.4.0/../../../../x86_64-pc-cygwin/lib/../lib/:/usr/lib/gcc/x86_64-pc-cygwin/7.4.0/../../../../lib/:/lib/../lib/:/usr/lib/../lib/:/usr/lib/gcc/x86_64-pc-cygwin/7.4.0/../../../../x86_64-pc-cygwin/lib/:/usr/lib/gcc/x86_64-pc-cygwin/7.4.0/../../../:/lib/:/usr/lib/
COLLECT_GCC_OPTIONS='-v' '-o' 'cmTC_1f3be.exe' '-mtune=generic' '-march=x86-64'
 /usr/lib/gcc/x86_64-pc-cygwin/7.4.0/collect2.exe -plugin /usr/lib/gcc/x86_64-pc-cygwin/7.4.0/cyglto_plugin.dll -plugin-opt=/usr/lib/gcc/x86_64-pc-cygwin/7.4.0/lto-wrapper.exe -plugin-opt=-fresolution=/tmp/cceQkaYK.res -plugin-opt=-pass-through=-lgcc_s -plugin-opt=-pass-through=-lgcc -plugin-opt=-pass-through=-lcygwin -plugin-opt=-pass-through=-ladvapi32 -plugin-opt=-pass-through=-lshell32 -plugin-opt=-pass-through=-luser32 -plugin-opt=-pass-through=-lkernel32 -plugin-opt=-pass-through=-lgcc_s -plugin-opt=-pass-through=-lgcc --build-id -m i386pep --wrap _Znwm --wrap _Znam --wrap _ZdlPv --wrap _ZdaPv --wrap _ZnwmRKSt9nothrow_t --wrap _ZnamRKSt9nothrow_t --wrap _ZdlPvRKSt9nothrow_t --wrap _ZdaPvRKSt9nothrow_t -Bdynamic --dll-search-prefix=cyg --tsaware -o cmTC_1f3be.exe /usr/lib/gcc/x86_64-pc-cygwin/7.4.0/../../../../lib/crt0.o /usr/lib/gcc/x86_64-pc-cygwin/7.4.0/crtbegin.o -L/usr/lib/gcc/x86_64-pc-cygwin/7.4.0 -L/usr/lib/gcc/x86_64-pc-cygwin/7.4.0/../../../../x86_64-pc-cygwin/lib/../lib -L/usr/lib/gcc/x86_64-pc-cygwin/7.4.0/../../../../lib -L/lib/../lib -L/usr/lib/../lib -L/usr/lib/gcc/x86_64-pc-cygwin/7.4.0/../../../../x86_64-pc-cygwin/lib -L/usr/lib/gcc/x86_64-pc-cygwin/7.4.0/../../.. --enable-auto-import CMakeFiles/cmTC_1f3be.dir/CMakeCCompilerABI.c.o --out-implib libcmTC_1f3be.dll.a --major-image-version 0 --minor-image-version 0 -lgcc_s -lgcc -lcygwin -ladvapi32 -lshell32 -luser32 -lkernel32 -lgcc_s -lgcc /usr/lib/gcc/x86_64-pc-cygwin/7.4.0/../../../../lib/default-manifest.o /usr/lib/gcc/x86_64-pc-cygwin/7.4.0/crtend.o
COLLECT_GCC_OPTIONS='-v' '-o' 'cmTC_1f3be.exe' '-mtune=generic' '-march=x86-64'
make[1]: Leaving directory '/cygdrive/d/GoogleBackup/ECS/ECS 50/ECS 50 Shared/Lecture/Pointers/PointerExamples/cmake-build-debug/CMakeFiles/CMakeTmp'


Parsed C implicit link information from above output:
  link line regex: [^( *|.*[/\])(ld\.exe|CMAKE_LINK_STARTFILE-NOTFOUND|([^/\]+-)?ld|collect2)[^/\]*( |$)]
  ignore line: [Change Dir: /cygdrive/d/GoogleBackup/ECS/ECS 50/ECS 50 Shared/Lecture/Pointers/PointerExamples/cmake-build-debug/CMakeFiles/CMakeTmp]
  ignore line: []
  ignore line: [Run Build Command:"/usr/bin/make.exe" "cmTC_1f3be/fast"]
  ignore line: [/usr/bin/make -f CMakeFiles/cmTC_1f3be.dir/build.make CMakeFiles/cmTC_1f3be.dir/build]
  ignore line: [make[1]: Entering directory '/cygdrive/d/GoogleBackup/ECS/ECS 50/ECS 50 Shared/Lecture/Pointers/PointerExamples/cmake-build-debug/CMakeFiles/CMakeTmp']
  ignore line: [Building C object CMakeFiles/cmTC_1f3be.dir/CMakeCCompilerABI.c.o]
  ignore line: [/usr/bin/cc    -o CMakeFiles/cmTC_1f3be.dir/CMakeCCompilerABI.c.o   -c /cygdrive/c/Users/mfbut/.CLion2019.1/system/cygwin_cmake/share/cmake-3.13.4/Modules/CMakeCCompilerABI.c]
  ignore line: [Linking C executable cmTC_1f3be.exe]
  ignore line: [/cygdrive/c/Users/mfbut/.CLion2019.1/system/cygwin_cmake/bin/cmake.exe -E cmake_link_script CMakeFiles/cmTC_1f3be.dir/link.txt --verbose=1]
  ignore line: [/usr/bin/cc    -Wl,--enable-auto-import -v CMakeFiles/cmTC_1f3be.dir/CMakeCCompilerABI.c.o  -o cmTC_1f3be.exe -Wl,--out-implib,libcmTC_1f3be.dll.a -Wl,--major-image-version,0,--minor-image-version,0 ]
  ignore line: [Using built-in specs.]
  ignore line: [COLLECT_GCC=/usr/bin/cc]
  ignore line: [COLLECT_LTO_WRAPPER=/usr/lib/gcc/x86_64-pc-cygwin/7.4.0/lto-wrapper.exe]
  ignore line: [Target: x86_64-pc-cygwin]
  ignore line: [Configured with: /cygdrive/i/szsz/tmpp/gcc/gcc-7.4.0-1.x86_64/src/gcc-7.4.0/configure --srcdir=/cygdrive/i/szsz/tmpp/gcc/gcc-7.4.0-1.x86_64/src/gcc-7.4.0 --prefix=/usr --exec-prefix=/usr --localstatedir=/var --sysconfdir=/etc --docdir=/usr/share/doc/gcc --htmldir=/usr/share/doc/gcc/html -C --build=x86_64-pc-cygwin --host=x86_64-pc-cygwin --target=x86_64-pc-cygwin --without-libiconv-prefix --without-libintl-prefix --libexecdir=/usr/lib --enable-shared --enable-shared-libgcc --enable-static --enable-version-specific-runtime-libs --enable-bootstrap --enable-__cxa_atexit --with-dwarf2 --with-tune=generic --enable-languages=ada,c,c++,fortran,lto,objc,obj-c++ --enable-graphite --enable-threads=posix --enable-libatomic --enable-libcilkrts --enable-libgomp --enable-libitm --enable-libquadmath --enable-libquadmath-support --disable-libssp --enable-libada --disable-symvers --with-gnu-ld --with-gnu-as --with-cloog-include=/usr/include/cloog-isl --without-libiconv-prefix --without-libintl-prefix --with-system-zlib --enable-linker-build-id --with-default-libstdcxx-abi=gcc4-compatible --enable-libstdcxx-filesystem-ts]
  ignore line: [Thread model: posix]
  ignore line: [gcc version 7.4.0 (GCC) ]
  ignore line: [COMPILER_PATH=/usr/lib/gcc/x86_64-pc-cygwin/7.4.0/:/usr/lib/gcc/x86_64-pc-cygwin/7.4.0/:/usr/lib/gcc/x86_64-pc-cygwin/:/usr/lib/gcc/x86_64-pc-cygwin/7.4.0/:/usr/lib/gcc/x86_64-pc-cygwin/:/usr/lib/gcc/x86_64-pc-cygwin/7.4.0/../../../../x86_64-pc-cygwin/bin/]
  ignore line: [LIBRARY_PATH=/usr/lib/gcc/x86_64-pc-cygwin/7.4.0/:/usr/lib/gcc/x86_64-pc-cygwin/7.4.0/../../../../x86_64-pc-cygwin/lib/../lib/:/usr/lib/gcc/x86_64-pc-cygwin/7.4.0/../../../../lib/:/lib/../lib/:/usr/lib/../lib/:/usr/lib/gcc/x86_64-pc-cygwin/7.4.0/../../../../x86_64-pc-cygwin/lib/:/usr/lib/gcc/x86_64-pc-cygwin/7.4.0/../../../:/lib/:/usr/lib/]
  ignore line: [COLLECT_GCC_OPTIONS='-v' '-o' 'cmTC_1f3be.exe' '-mtune=generic' '-march=x86-64']
  link line: [ /usr/lib/gcc/x86_64-pc-cygwin/7.4.0/collect2.exe -plugin /usr/lib/gcc/x86_64-pc-cygwin/7.4.0/cyglto_plugin.dll -plugin-opt=/usr/lib/gcc/x86_64-pc-cygwin/7.4.0/lto-wrapper.exe -plugin-opt=-fresolution=/tmp/cceQkaYK.res -plugin-opt=-pass-through=-lgcc_s -plugin-opt=-pass-through=-lgcc -plugin-opt=-pass-through=-lcygwin -plugin-opt=-pass-through=-ladvapi32 -plugin-opt=-pass-through=-lshell32 -plugin-opt=-pass-through=-luser32 -plugin-opt=-pass-through=-lkernel32 -plugin-opt=-pass-through=-lgcc_s -plugin-opt=-pass-through=-lgcc --build-id -m i386pep --wrap _Znwm --wrap _Znam --wrap _ZdlPv --wrap _ZdaPv --wrap _ZnwmRKSt9nothrow_t --wrap _ZnamRKSt9nothrow_t --wrap _ZdlPvRKSt9nothrow_t --wrap _ZdaPvRKSt9nothrow_t -Bdynamic --dll-search-prefix=cyg --tsaware -o cmTC_1f3be.exe /usr/lib/gcc/x86_64-pc-cygwin/7.4.0/../../../../lib/crt0.o /usr/lib/gcc/x86_64-pc-cygwin/7.4.0/crtbegin.o -L/usr/lib/gcc/x86_64-pc-cygwin/7.4.0 -L/usr/lib/gcc/x86_64-pc-cygwin/7.4.0/../../../../x86_64-pc-cygwin/lib/../lib -L/usr/lib/gcc/x86_64-pc-cygwin/7.4.0/../../../../lib -L/lib/../lib -L/usr/lib/../lib -L/usr/lib/gcc/x86_64-pc-cygwin/7.4.0/../../../../x86_64-pc-cygwin/lib -L/usr/lib/gcc/x86_64-pc-cygwin/7.4.0/../../.. --enable-auto-import CMakeFiles/cmTC_1f3be.dir/CMakeCCompilerABI.c.o --out-implib libcmTC_1f3be.dll.a --major-image-version 0 --minor-image-version 0 -lgcc_s -lgcc -lcygwin -ladvapi32 -lshell32 -luser32 -lkernel32 -lgcc_s -lgcc /usr/lib/gcc/x86_64-pc-cygwin/7.4.0/../../../../lib/default-manifest.o /usr/lib/gcc/x86_64-pc-cygwin/7.4.0/crtend.o]
    arg [/usr/lib/gcc/x86_64-pc-cygwin/7.4.0/collect2.exe] ==> ignore
    arg [-plugin] ==> ignore
    arg [/usr/lib/gcc/x86_64-pc-cygwin/7.4.0/cyglto_plugin.dll] ==> ignore
    arg [-plugin-opt=/usr/lib/gcc/x86_64-pc-cygwin/7.4.0/lto-wrapper.exe] ==> ignore
    arg [-plugin-opt=-fresolution=/tmp/cceQkaYK.res] ==> ignore
    arg [-plugin-opt=-pass-through=-lgcc_s] ==> ignore
    arg [-plugin-opt=-pass-through=-lgcc] ==> ignore
    arg [-plugin-opt=-pass-through=-lcygwin] ==> ignore
    arg [-plugin-opt=-pass-through=-ladvapi32] ==> ignore
    arg [-plugin-opt=-pass-through=-lshell32] ==> ignore
    arg [-plugin-opt=-pass-through=-luser32] ==> ignore
    arg [-plugin-opt=-pass-through=-lkernel32] ==> ignore
    arg [-plugin-opt=-pass-through=-lgcc_s] ==> ignore
    arg [-plugin-opt=-pass-through=-lgcc] ==> ignore
    arg [--build-id] ==> ignore
    arg [-m] ==> ignore
    arg [i386pep] ==> ignore
    arg [--wrap] ==> ignore
    arg [_Znwm] ==> ignore
    arg [--wrap] ==> ignore
    arg [_Znam] ==> ignore
    arg [--wrap] ==> ignore
    arg [_ZdlPv] ==> ignore
    arg [--wrap] ==> ignore
    arg [_ZdaPv] ==> ignore
    arg [--wrap] ==> ignore
    arg [_ZnwmRKSt9nothrow_t] ==> ignore
    arg [--wrap] ==> ignore
    arg [_ZnamRKSt9nothrow_t] ==> ignore
    arg [--wrap] ==> ignore
    arg [_ZdlPvRKSt9nothrow_t] ==> ignore
    arg [--wrap] ==> ignore
    arg [_ZdaPvRKSt9nothrow_t] ==> ignore
    arg [-Bdynamic] ==> ignore
    arg [--dll-search-prefix=cyg] ==> ignore
    arg [--tsaware] ==> ignore
    arg [-o] ==> ignore
    arg [cmTC_1f3be.exe] ==> ignore
    arg [/usr/lib/gcc/x86_64-pc-cygwin/7.4.0/../../../../lib/crt0.o] ==> ignore
    arg [/usr/lib/gcc/x86_64-pc-cygwin/7.4.0/crtbegin.o] ==> ignore
    arg [-L/usr/lib/gcc/x86_64-pc-cygwin/7.4.0] ==> dir [/usr/lib/gcc/x86_64-pc-cygwin/7.4.0]
    arg [-L/usr/lib/gcc/x86_64-pc-cygwin/7.4.0/../../../../x86_64-pc-cygwin/lib/../lib] ==> dir [/usr/lib/gcc/x86_64-pc-cygwin/7.4.0/../../../../x86_64-pc-cygwin/lib/../lib]
    arg [-L/usr/lib/gcc/x86_64-pc-cygwin/7.4.0/../../../../lib] ==> dir [/usr/lib/gcc/x86_64-pc-cygwin/7.4.0/../../../../lib]
    arg [-L/lib/../lib] ==> dir [/lib/../lib]
    arg [-L/usr/lib/../lib] ==> dir [/usr/lib/../lib]
    arg [-L/usr/lib/gcc/x86_64-pc-cygwin/7.4.0/../../../../x86_64-pc-cygwin/lib] ==> dir [/usr/lib/gcc/x86_64-pc-cygwin/7.4.0/../../../../x86_64-pc-cygwin/lib]
    arg [-L/usr/lib/gcc/x86_64-pc-cygwin/7.4.0/../../..] ==> dir [/usr/lib/gcc/x86_64-pc-cygwin/7.4.0/../../..]
    arg [--enable-auto-import] ==> ignore
    arg [CMakeFiles/cmTC_1f3be.dir/CMakeCCompilerABI.c.o] ==> ignore
    arg [--out-implib] ==> ignore
    arg [libcmTC_1f3be.dll.a] ==> ignore
    arg [--major-image-version] ==> ignore
    arg [0] ==> ignore
    arg [--minor-image-version] ==> ignore
    arg [0] ==> ignore
    arg [-lgcc_s] ==> lib [gcc_s]
    arg [-lgcc] ==> lib [gcc]
    arg [-lcygwin] ==> lib [cygwin]
    arg [-ladvapi32] ==> lib [advapi32]
    arg [-lshell32] ==> lib [shell32]
    arg [-luser32] ==> lib [user32]
    arg [-lkernel32] ==> lib [kernel32]
    arg [-lgcc_s] ==> lib [gcc_s]
    arg [-lgcc] ==> lib [gcc]
    arg [/usr/lib/gcc/x86_64-pc-cygwin/7.4.0/../../../../lib/default-manifest.o] ==> ignore
    arg [/usr/lib/gcc/x86_64-pc-cygwin/7.4.0/crtend.o] ==> ignore
  collapse library dir [/usr/lib/gcc/x86_64-pc-cygwin/7.4.0] ==> [/usr/lib/gcc/x86_64-pc-cygwin/7.4.0]
  collapse library dir [/usr/lib/gcc/x86_64-pc-cygwin/7.4.0/../../../../x86_64-pc-cygwin/lib/../lib] ==> [/usr/x86_64-pc-cygwin/lib]
  collapse library dir [/usr/lib/gcc/x86_64-pc-cygwin/7.4.0/../../../../lib] ==> [/usr/lib]
  collapse library dir [/lib/../lib] ==> [/lib]
  collapse library dir [/usr/lib/../lib] ==> [/usr/lib]
  collapse library dir [/usr/lib/gcc/x86_64-pc-cygwin/7.4.0/../../../../x86_64-pc-cygwin/lib] ==> [/usr/x86_64-pc-cygwin/lib]
  collapse library dir [/usr/lib/gcc/x86_64-pc-cygwin/7.4.0/../../..] ==> [/usr/lib]
  implicit libs: [gcc_s;gcc;cygwin;advapi32;shell32;user32;kernel32;gcc_s;gcc]
  implicit dirs: [/usr/lib/gcc/x86_64-pc-cygwin/7.4.0;/usr/x86_64-pc-cygwin/lib;/usr/lib;/lib]
  implicit fwks: []




Detecting C [-std=c11] compiler features compiled with the following output:
Change Dir: /cygdrive/d/GoogleBackup/ECS/ECS 50/ECS 50 Shared/Lecture/Pointers/PointerExamples/cmake-build-debug/CMakeFiles/CMakeTmp

Run Build Command:"/usr/bin/make.exe" "cmTC_1a230/fast"
/usr/bin/make -f CMakeFiles/cmTC_1a230.dir/build.make CMakeFiles/cmTC_1a230.dir/build
make[1]: Entering directory '/cygdrive/d/GoogleBackup/ECS/ECS 50/ECS 50 Shared/Lecture/Pointers/PointerExamples/cmake-build-debug/CMakeFiles/CMakeTmp'
Building C object CMakeFiles/cmTC_1a230.dir/feature_tests.c.o
/usr/bin/cc   -std=c11 -o CMakeFiles/cmTC_1a230.dir/feature_tests.c.o   -c "/cygdrive/d/GoogleBackup/ECS/ECS 50/ECS 50 Shared/Lecture/Pointers/PointerExamples/cmake-build-debug/CMakeFiles/feature_tests.c"
Linking C executable cmTC_1a230.exe
/cygdrive/c/Users/mfbut/.CLion2019.1/system/cygwin_cmake/bin/cmake.exe -E cmake_link_script CMakeFiles/cmTC_1a230.dir/link.txt --verbose=1
/usr/bin/cc    -Wl,--enable-auto-import  CMakeFiles/cmTC_1a230.dir/feature_tests.c.o  -o cmTC_1a230.exe -Wl,--out-implib,libcmTC_1a230.dll.a -Wl,--major-image-version,0,--minor-image-version,0 
make[1]: Leaving directory '/cygdrive/d/GoogleBackup/ECS/ECS 50/ECS 50 Shared/Lecture/Pointers/PointerExamples/cmake-build-debug/CMakeFiles/CMakeTmp'


    Feature record: C_FEATURE:1c_function_prototypes
    Feature record: C_FEATURE:1c_restrict
    Feature record: C_FEATURE:1c_static_assert
    Feature record: C_FEATURE:1c_variadic_macros


Detecting C [-std=c99] compiler features compiled with the following output:
Change Dir: /cygdrive/d/GoogleBackup/ECS/ECS 50/ECS 50 Shared/Lecture/Pointers/PointerExamples/cmake-build-debug/CMakeFiles/CMakeTmp

Run Build Command:"/usr/bin/make.exe" "cmTC_9acad/fast"
/usr/bin/make -f CMakeFiles/cmTC_9acad.dir/build.make CMakeFiles/cmTC_9acad.dir/build
make[1]: Entering directory '/cygdrive/d/GoogleBackup/ECS/ECS 50/ECS 50 Shared/Lecture/Pointers/PointerExamples/cmake-build-debug/CMakeFiles/CMakeTmp'
Building C object CMakeFiles/cmTC_9acad.dir/feature_tests.c.o
/usr/bin/cc   -std=c99 -o CMakeFiles/cmTC_9acad.dir/feature_tests.c.o   -c "/cygdrive/d/GoogleBackup/ECS/ECS 50/ECS 50 Shared/Lecture/Pointers/PointerExamples/cmake-build-debug/CMakeFiles/feature_tests.c"
Linking C executable cmTC_9acad.exe
/cygdrive/c/Users/mfbut/.CLion2019.1/system/cygwin_cmake/bin/cmake.exe -E cmake_link_script CMakeFiles/cmTC_9acad.dir/link.txt --verbose=1
/usr/bin/cc    -Wl,--enable-auto-import  CMakeFiles/cmTC_9acad.dir/feature_tests.c.o  -o cmTC_9acad.exe -Wl,--out-implib,libcmTC_9acad.dll.a -Wl,--major-image-version,0,--minor-image-version,0 
make[1]: Leaving directory '/cygdrive/d/GoogleBackup/ECS/ECS 50/ECS 50 Shared/Lecture/Pointers/PointerExamples/cmake-build-debug/CMakeFiles/CMakeTmp'


    Feature record: C_FEATURE:1c_function_prototypes
    Feature record: C_FEATURE:1c_restrict
    Feature record: C_FEATURE:0c_static_assert
    Feature record: C_FEATURE:1c_variadic_macros


Detecting C [-std=c90] compiler features compiled with the following output:
Change Dir: /cygdrive/d/GoogleBackup/ECS/ECS 50/ECS 50 Shared/Lecture/Pointers/PointerExamples/cmake-build-debug/CMakeFiles/CMakeTmp

Run Build Command:"/usr/bin/make.exe" "cmTC_0f8b3/fast"
/usr/bin/make -f CMakeFiles/cmTC_0f8b3.dir/build.make CMakeFiles/cmTC_0f8b3.dir/build
make[1]: Entering directory '/cygdrive/d/GoogleBackup/ECS/ECS 50/ECS 50 Shared/Lecture/Pointers/PointerExamples/cmake-build-debug/CMakeFiles/CMakeTmp'
Building C object CMakeFiles/cmTC_0f8b3.dir/feature_tests.c.o
/usr/bin/cc   -std=c90 -o CMakeFiles/cmTC_0f8b3.dir/feature_tests.c.o   -c "/cygdrive/d/GoogleBackup/ECS/ECS 50/ECS 50 Shared/Lecture/Pointers/PointerExamples/cmake-build-debug/CMakeFiles/feature_tests.c"
Linking C executable cmTC_0f8b3.exe
/cygdrive/c/Users/mfbut/.CLion2019.1/system/cygwin_cmake/bin/cmake.exe -E cmake_link_script CMakeFiles/cmTC_0f8b3.dir/link.txt --verbose=1
/usr/bin/cc    -Wl,--enable-auto-import  CMakeFiles/cmTC_0f8b3.dir/feature_tests.c.o  -o cmTC_0f8b3.exe -Wl,--out-implib,libcmTC_0f8b3.dll.a -Wl,--major-image-version,0,--minor-image-version,0 
make[1]: Leaving directory '/cygdrive/d/GoogleBackup/ECS/ECS 50/ECS 50 Shared/Lecture/Pointers/PointerExamples/cmake-build-debug/CMakeFiles/CMakeTmp'


    Feature record: C_FEATURE:1c_function_prototypes
    Feature record: C_FEATURE:0c_restrict
    Feature record: C_FEATURE:0c_static_assert
    Feature record: C_FEATURE:0c_variadic_macros
